[2025-09-16T13:58:29.047+0000] {manager.py:470} INFO - Processing files using up to 1 processes at a time 
[2025-09-16T13:58:29.048+0000] {manager.py:471} INFO - Process each file at most once every 30 seconds
[2025-09-16T13:58:29.048+0000] {manager.py:472} INFO - Checking for new files in /opt/airflow/dags every 300 seconds
[2025-09-16T13:58:29.048+0000] {manager.py:737} INFO - Searching for files in /opt/airflow/dags
[2025-09-16T13:58:29.050+0000] {manager.py:740} INFO - There are 1 files in /opt/airflow/dags
[2025-09-16T13:58:29.299+0000] {manager.py:878} INFO - 
================================================================================
DAG File Processing Stats

File Path                             PID    Runtime      # DAGs    # Errors  Last Runtime    Last Run
------------------------------------  -----  ---------  --------  ----------  --------------  -------------------
/opt/airflow/dags/nightly_retrain.py                           1           0  0.21s           2025-09-16T13:58:29
================================================================================
[2025-09-16T13:59:00.271+0000] {manager.py:878} INFO - 
================================================================================
DAG File Processing Stats

File Path                             PID    Runtime      # DAGs    # Errors  Last Runtime    Last Run
------------------------------------  -----  ---------  --------  ----------  --------------  -------------------
/opt/airflow/dags/nightly_retrain.py                           1           0  0.87s           2025-09-16T13:59:00
================================================================================
[2025-09-16T13:59:30.752+0000] {manager.py:878} INFO - 
================================================================================
DAG File Processing Stats

File Path                             PID    Runtime      # DAGs    # Errors  Last Runtime    Last Run
------------------------------------  -----  ---------  --------  ----------  --------------  -------------------
/opt/airflow/dags/nightly_retrain.py                           1           0  0.43s           2025-09-16T13:59:30
================================================================================
[2025-09-16T14:00:01.236+0000] {manager.py:878} INFO - 
================================================================================
DAG File Processing Stats

File Path                             PID    Runtime      # DAGs    # Errors  Last Runtime    Last Run
------------------------------------  -----  ---------  --------  ----------  --------------  -------------------
/opt/airflow/dags/nightly_retrain.py                           1           0  0.23s           2025-09-16T14:00:01
================================================================================
[2025-09-16T14:00:31.736+0000] {manager.py:878} INFO - 
================================================================================
DAG File Processing Stats

File Path                             PID    Runtime      # DAGs    # Errors  Last Runtime    Last Run
------------------------------------  -----  ---------  --------  ----------  --------------  -------------------
/opt/airflow/dags/nightly_retrain.py                           1           0  0.24s           2025-09-16T14:00:31
================================================================================
[2025-09-16T14:01:01.986+0000] {manager.py:878} INFO - 
================================================================================
DAG File Processing Stats

File Path                             PID    Runtime      # DAGs    # Errors  Last Runtime    Last Run
------------------------------------  -----  ---------  --------  ----------  --------------  -------------------
/opt/airflow/dags/nightly_retrain.py                           1           0  0.22s           2025-09-16T14:01:01
================================================================================
[2025-09-16T14:01:32.479+0000] {manager.py:878} INFO - 
================================================================================
DAG File Processing Stats

File Path                             PID    Runtime      # DAGs    # Errors  Last Runtime    Last Run
------------------------------------  -----  ---------  --------  ----------  --------------  -------------------
/opt/airflow/dags/nightly_retrain.py                           1           0  0.23s           2025-09-16T14:01:32
================================================================================
[2025-09-16T14:02:02.985+0000] {manager.py:878} INFO - 
================================================================================
DAG File Processing Stats

File Path                             PID    Runtime      # DAGs    # Errors  Last Runtime    Last Run
------------------------------------  -----  ---------  --------  ----------  --------------  -------------------
/opt/airflow/dags/nightly_retrain.py                           1           0  0.23s           2025-09-16T14:02:02
================================================================================
[2025-09-16T14:03:02.882+0000] {manager.py:878} INFO - 
================================================================================
DAG File Processing Stats

File Path                             PID    Runtime      # DAGs    # Errors  Last Runtime    Last Run
------------------------------------  -----  ---------  --------  ----------  --------------  -------------------
/opt/airflow/dags/nightly_retrain.py                           1           0  0.11s           2025-09-16T14:03:02
================================================================================
[2025-09-16T14:03:29.061+0000] {manager.py:737} INFO - Searching for files in /opt/airflow/dags
[2025-09-16T14:03:29.067+0000] {manager.py:740} INFO - There are 1 files in /opt/airflow/dags
[2025-09-16T14:03:34.030+0000] {manager.py:878} INFO - 
================================================================================
DAG File Processing Stats

File Path                             PID    Runtime      # DAGs    # Errors  Last Runtime    Last Run
------------------------------------  -----  ---------  --------  ----------  --------------  -------------------
/opt/airflow/dags/nightly_retrain.py                           1           0  0.23s           2025-09-16T14:03:34
================================================================================
[2025-09-16T14:04:04.546+0000] {manager.py:878} INFO - 
================================================================================
DAG File Processing Stats

File Path                             PID    Runtime      # DAGs    # Errors  Last Runtime    Last Run
------------------------------------  -----  ---------  --------  ----------  --------------  -------------------
/opt/airflow/dags/nightly_retrain.py                           1           0  0.23s           2025-09-16T14:04:04
================================================================================
[2025-09-16T14:04:35.021+0000] {manager.py:878} INFO - 
================================================================================
DAG File Processing Stats

File Path                             PID    Runtime      # DAGs    # Errors  Last Runtime    Last Run
------------------------------------  -----  ---------  --------  ----------  --------------  -------------------
/opt/airflow/dags/nightly_retrain.py                           1           0  0.22s           2025-09-16T14:04:35
================================================================================
[2025-09-16T14:05:05.413+0000] {manager.py:878} INFO - 
================================================================================
DAG File Processing Stats

File Path                             PID    Runtime      # DAGs    # Errors  Last Runtime    Last Run
------------------------------------  -----  ---------  --------  ----------  --------------  -------------------
/opt/airflow/dags/nightly_retrain.py                           1           0  0.22s           2025-09-16T14:05:05
================================================================================
[2025-09-16T14:05:35.900+0000] {manager.py:878} INFO - 
================================================================================
DAG File Processing Stats

File Path                             PID    Runtime      # DAGs    # Errors  Last Runtime    Last Run
------------------------------------  -----  ---------  --------  ----------  --------------  -------------------
/opt/airflow/dags/nightly_retrain.py                           1           0  0.21s           2025-09-16T14:05:35
================================================================================
[2025-09-16T14:05:47.419+0000] {manager.py:452} INFO - Exiting gracefully upon receiving signal 15
[2025-09-16T14:05:53.625+0000] {manager.py:470} INFO - Processing files using up to 1 processes at a time 
[2025-09-16T14:05:53.627+0000] {manager.py:471} INFO - Process each file at most once every 30 seconds
[2025-09-16T14:05:53.627+0000] {manager.py:472} INFO - Checking for new files in /opt/airflow/dags every 300 seconds
[2025-09-16T14:05:53.628+0000] {manager.py:737} INFO - Searching for files in /opt/airflow/dags
[2025-09-16T14:05:53.633+0000] {manager.py:740} INFO - There are 1 files in /opt/airflow/dags
[2025-09-16T14:05:54.112+0000] {manager.py:878} INFO - 
================================================================================
DAG File Processing Stats

File Path                             PID    Runtime      # DAGs    # Errors  Last Runtime    Last Run
------------------------------------  -----  ---------  --------  ----------  --------------  -------------------
/opt/airflow/dags/nightly_retrain.py                           1           0  0.23s           2025-09-16T14:05:54
================================================================================
[2025-09-16T14:06:25.123+0000] {manager.py:878} INFO - 
================================================================================
DAG File Processing Stats

File Path                             PID    Runtime      # DAGs    # Errors  Last Runtime    Last Run
------------------------------------  -----  ---------  --------  ----------  --------------  -------------------
/opt/airflow/dags/nightly_retrain.py                           1           0  0.23s           2025-09-16T14:06:25
================================================================================
[2025-09-16T14:06:55.378+0000] {manager.py:878} INFO - 
================================================================================
DAG File Processing Stats

File Path                             PID    Runtime      # DAGs    # Errors  Last Runtime    Last Run
------------------------------------  -----  ---------  --------  ----------  --------------  -------------------
/opt/airflow/dags/nightly_retrain.py                           1           0  0.23s           2025-09-16T14:06:55
================================================================================
[2025-09-16T14:07:25.666+0000] {manager.py:878} INFO - 
================================================================================
DAG File Processing Stats

File Path                             PID    Runtime      # DAGs    # Errors  Last Runtime    Last Run
------------------------------------  -----  ---------  --------  ----------  --------------  -------------------
/opt/airflow/dags/nightly_retrain.py                           1           0  0.25s           2025-09-16T14:07:25
================================================================================
[2025-09-16T14:07:56.051+0000] {manager.py:878} INFO - 
================================================================================
DAG File Processing Stats

File Path                             PID    Runtime      # DAGs    # Errors  Last Runtime    Last Run
------------------------------------  -----  ---------  --------  ----------  --------------  -------------------
/opt/airflow/dags/nightly_retrain.py                           1           0  0.23s           2025-09-16T14:07:56
================================================================================
[2025-09-16T14:08:26.313+0000] {manager.py:878} INFO - 
================================================================================
DAG File Processing Stats

File Path                             PID    Runtime      # DAGs    # Errors  Last Runtime    Last Run
------------------------------------  -----  ---------  --------  ----------  --------------  -------------------
/opt/airflow/dags/nightly_retrain.py                           1           0  0.23s           2025-09-16T14:08:26
================================================================================
[2025-09-16T14:08:57.568+0000] {manager.py:878} INFO - 
================================================================================
DAG File Processing Stats

File Path                             PID    Runtime      # DAGs    # Errors  Last Runtime    Last Run
------------------------------------  -----  ---------  --------  ----------  --------------  -------------------
/opt/airflow/dags/nightly_retrain.py                           1           0  0.22s           2025-09-16T14:08:57
================================================================================
[2025-09-16T14:09:27.822+0000] {manager.py:878} INFO - 
================================================================================
DAG File Processing Stats

File Path                             PID    Runtime      # DAGs    # Errors  Last Runtime    Last Run
------------------------------------  -----  ---------  --------  ----------  --------------  -------------------
/opt/airflow/dags/nightly_retrain.py                           1           0  0.23s           2025-09-16T14:09:27
================================================================================
[2025-09-16T14:09:58.326+0000] {manager.py:878} INFO - 
================================================================================
DAG File Processing Stats

File Path                             PID    Runtime      # DAGs    # Errors  Last Runtime    Last Run
------------------------------------  -----  ---------  --------  ----------  --------------  -------------------
/opt/airflow/dags/nightly_retrain.py                           1           0  0.44s           2025-09-16T14:09:58
================================================================================
[2025-09-16T14:10:29.482+0000] {manager.py:878} INFO - 
================================================================================
DAG File Processing Stats

File Path                             PID    Runtime      # DAGs    # Errors  Last Runtime    Last Run
------------------------------------  -----  ---------  --------  ----------  --------------  -------------------
/opt/airflow/dags/nightly_retrain.py                           1           0  0.24s           2025-09-16T14:10:29
================================================================================
[2025-09-16T14:10:53.633+0000] {manager.py:737} INFO - Searching for files in /opt/airflow/dags
[2025-09-16T14:10:53.638+0000] {manager.py:740} INFO - There are 1 files in /opt/airflow/dags
[2025-09-16T14:10:59.850+0000] {manager.py:878} INFO - 
================================================================================
DAG File Processing Stats

File Path                             PID    Runtime      # DAGs    # Errors  Last Runtime    Last Run
------------------------------------  -----  ---------  --------  ----------  --------------  -------------------
/opt/airflow/dags/nightly_retrain.py                           1           0  0.22s           2025-09-16T14:10:59
================================================================================
[2025-09-16T14:11:30.156+0000] {manager.py:878} INFO - 
================================================================================
DAG File Processing Stats

File Path                             PID    Runtime      # DAGs    # Errors  Last Runtime    Last Run
------------------------------------  -----  ---------  --------  ----------  --------------  -------------------
/opt/airflow/dags/nightly_retrain.py                           1           0  0.23s           2025-09-16T14:11:30
================================================================================
[2025-09-16T14:12:00.440+0000] {manager.py:878} INFO - 
================================================================================
DAG File Processing Stats

File Path                             PID    Runtime      # DAGs    # Errors  Last Runtime    Last Run
------------------------------------  -----  ---------  --------  ----------  --------------  -------------------
/opt/airflow/dags/nightly_retrain.py                           1           0  0.22s           2025-09-16T14:12:00
================================================================================
[2025-09-16T14:12:30.702+0000] {manager.py:878} INFO - 
================================================================================
DAG File Processing Stats

File Path                             PID    Runtime      # DAGs    # Errors  Last Runtime    Last Run
------------------------------------  -----  ---------  --------  ----------  --------------  -------------------
/opt/airflow/dags/nightly_retrain.py                           1           0  0.22s           2025-09-16T14:12:30
================================================================================
[2025-09-16T14:13:00.955+0000] {manager.py:878} INFO - 
================================================================================
DAG File Processing Stats

File Path                             PID    Runtime      # DAGs    # Errors  Last Runtime    Last Run
------------------------------------  -----  ---------  --------  ----------  --------------  -------------------
/opt/airflow/dags/nightly_retrain.py                           1           0  0.22s           2025-09-16T14:13:00
================================================================================
[2025-09-16T14:13:30.225+0000] {manager.py:452} INFO - Exiting gracefully upon receiving signal 15
