[2025-09-16T14:03:04.350+0000] {local_task_job_runner.py:120} INFO - ::group::Pre task execution logs
[2025-09-16T14:03:04.363+0000] {taskinstance.py:2076} INFO - Dependencies all met for dep_context=non-requeueable deps ti=<TaskInstance: nightly_retrain_als.merge_feedback manual__2025-09-16T14:02:36.634180+00:00 [queued]>
[2025-09-16T14:03:04.366+0000] {taskinstance.py:2076} INFO - Dependencies all met for dep_context=requeueable deps ti=<TaskInstance: nightly_retrain_als.merge_feedback manual__2025-09-16T14:02:36.634180+00:00 [queued]>
[2025-09-16T14:03:04.366+0000] {taskinstance.py:2306} INFO - Starting attempt 1 of 1
[2025-09-16T14:03:04.374+0000] {taskinstance.py:2330} INFO - Executing <Task(BashOperator): merge_feedback> on 2025-09-16 14:02:36.634180+00:00
[2025-09-16T14:03:04.377+0000] {standard_task_runner.py:64} INFO - Started process 190 to run task
[2025-09-16T14:03:04.380+0000] {standard_task_runner.py:90} INFO - Running: ['airflow', 'tasks', 'run', 'nightly_retrain_als', 'merge_feedback', 'manual__2025-09-16T14:02:36.634180+00:00', '--job-id', '6', '--raw', '--subdir', 'DAGS_FOLDER/nightly_retrain.py', '--cfg-path', '/tmp/tmptacmu_zo']
[2025-09-16T14:03:04.389+0000] {standard_task_runner.py:91} INFO - Job 6: Subtask merge_feedback
[2025-09-16T14:03:04.426+0000] {task_command.py:426} INFO - Running <TaskInstance: nightly_retrain_als.merge_feedback manual__2025-09-16T14:02:36.634180+00:00 [running]> on host 9bc3ef312961
[2025-09-16T14:03:04.460+0000] {taskinstance.py:2648} INFO - Exporting env vars: AIRFLOW_CTX_DAG_OWNER='airflow' AIRFLOW_CTX_DAG_ID='nightly_retrain_als' AIRFLOW_CTX_TASK_ID='merge_feedback' AIRFLOW_CTX_EXECUTION_DATE='2025-09-16T14:02:36.634180+00:00' AIRFLOW_CTX_TRY_NUMBER='1' AIRFLOW_CTX_DAG_RUN_ID='manual__2025-09-16T14:02:36.634180+00:00'
[2025-09-16T14:03:04.461+0000] {taskinstance.py:430} INFO - ::endgroup::
[2025-09-16T14:03:04.469+0000] {subprocess.py:63} INFO - Tmp dir root location: /tmp
[2025-09-16T14:03:04.469+0000] {subprocess.py:75} INFO - Running command: ['/usr/bin/bash', '-c', '\nset -euo pipefail\ncd "/opt/airflow/repo"\npython - << \'PY\'\nimport os, pandas as pd, pathlib\npathlib.Path("data/working").mkdir(parents=True, exist_ok=True)\nbase_path = "data/raw/ratings.csv"\nfb_path   = "data/feedback/ratings_feedback.csv"\nout_path  = "data/working/ratings_merged.csv"\nbase = pd.read_csv(base_path)\nif os.path.exists(fb_path):\n    fb = pd.read_csv(fb_path)\n    df = pd.concat([base[[\'userId\',\'movieId\',\'rating\',\'timestamp\']], fb], ignore_index=True)\nelse:\n    df = base\ndf.to_csv(out_path, index=False)\nprint(f"Wrote merged ratings to {out_path} (rows={len(df)})")\nPY']
[2025-09-16T14:03:04.474+0000] {subprocess.py:86} INFO - Output:
[2025-09-16T14:03:05.220+0000] {subprocess.py:93} INFO - Wrote merged ratings to data/working/ratings_merged.csv (rows=100840)
[2025-09-16T14:03:05.260+0000] {subprocess.py:97} INFO - Command exited with return code 0
[2025-09-16T14:03:05.261+0000] {taskinstance.py:441} INFO - ::group::Post task execution logs
[2025-09-16T14:03:05.275+0000] {taskinstance.py:1206} INFO - Marking task as SUCCESS. dag_id=nightly_retrain_als, task_id=merge_feedback, run_id=manual__2025-09-16T14:02:36.634180+00:00, execution_date=20250916T140236, start_date=20250916T140304, end_date=20250916T140305
[2025-09-16T14:03:05.308+0000] {local_task_job_runner.py:243} INFO - Task exited with return code 0
[2025-09-16T14:03:05.320+0000] {taskinstance.py:3503} INFO - 1 downstream tasks scheduled from follow-on schedule check
[2025-09-16T14:03:05.321+0000] {local_task_job_runner.py:222} INFO - ::endgroup::
