[2025-09-16T13:58:29.109+0000] {processor.py:161} INFO - Started process (PID=27) to work on /opt/airflow/dags/nightly_retrain.py
[2025-09-16T13:58:29.110+0000] {processor.py:830} INFO - Processing file /opt/airflow/dags/nightly_retrain.py for tasks to queue
[2025-09-16T13:58:29.111+0000] {logging_mixin.py:188} INFO - [2025-09-16T13:58:29.111+0000] {dagbag.py:545} INFO - Filling up the DagBag from /opt/airflow/dags/nightly_retrain.py
[2025-09-16T13:58:29.135+0000] {processor.py:840} INFO - DAG(s) 'nightly_retrain_als' retrieved from /opt/airflow/dags/nightly_retrain.py
[2025-09-16T13:58:29.151+0000] {logging_mixin.py:188} INFO - [2025-09-16T13:58:29.150+0000] {dag.py:3089} INFO - Sync 1 DAGs
[2025-09-16T13:58:29.181+0000] {logging_mixin.py:188} INFO - [2025-09-16T13:58:29.180+0000] {dag.py:3947} INFO - Setting next_dagrun for nightly_retrain_als to 2025-09-15 00:15:00+00:00, run_after=2025-09-16 00:15:00+00:00
[2025-09-16T13:58:29.213+0000] {processor.py:183} INFO - Processing /opt/airflow/dags/nightly_retrain.py took 0.114 seconds
[2025-09-16T13:58:59.509+0000] {processor.py:161} INFO - Started process (PID=28) to work on /opt/airflow/dags/nightly_retrain.py
[2025-09-16T13:58:59.515+0000] {processor.py:830} INFO - Processing file /opt/airflow/dags/nightly_retrain.py for tasks to queue
[2025-09-16T13:58:59.524+0000] {logging_mixin.py:188} INFO - [2025-09-16T13:58:59.522+0000] {dagbag.py:545} INFO - Filling up the DagBag from /opt/airflow/dags/nightly_retrain.py
[2025-09-16T13:58:59.588+0000] {processor.py:840} INFO - DAG(s) 'nightly_retrain_als' retrieved from /opt/airflow/dags/nightly_retrain.py
[2025-09-16T13:59:00.134+0000] {logging_mixin.py:188} INFO - [2025-09-16T13:59:00.134+0000] {dag.py:3089} INFO - Sync 1 DAGs
[2025-09-16T13:59:00.162+0000] {logging_mixin.py:188} INFO - [2025-09-16T13:59:00.162+0000] {dag.py:3947} INFO - Setting next_dagrun for nightly_retrain_als to 2025-09-15 00:15:00+00:00, run_after=2025-09-16 00:15:00+00:00
[2025-09-16T13:59:00.228+0000] {processor.py:183} INFO - Processing /opt/airflow/dags/nightly_retrain.py took 0.749 seconds
[2025-09-16T13:59:30.352+0000] {processor.py:161} INFO - Started process (PID=35) to work on /opt/airflow/dags/nightly_retrain.py
[2025-09-16T13:59:30.354+0000] {processor.py:830} INFO - Processing file /opt/airflow/dags/nightly_retrain.py for tasks to queue
[2025-09-16T13:59:30.357+0000] {logging_mixin.py:188} INFO - [2025-09-16T13:59:30.356+0000] {dagbag.py:545} INFO - Filling up the DagBag from /opt/airflow/dags/nightly_retrain.py
[2025-09-16T13:59:30.447+0000] {processor.py:840} INFO - DAG(s) 'nightly_retrain_als' retrieved from /opt/airflow/dags/nightly_retrain.py
[2025-09-16T13:59:30.562+0000] {logging_mixin.py:188} INFO - [2025-09-16T13:59:30.562+0000] {dag.py:3089} INFO - Sync 1 DAGs
[2025-09-16T13:59:30.613+0000] {logging_mixin.py:188} INFO - [2025-09-16T13:59:30.613+0000] {dag.py:3947} INFO - Setting next_dagrun for nightly_retrain_als to 2025-09-15 00:15:00+00:00, run_after=2025-09-16 00:15:00+00:00
[2025-09-16T13:59:30.652+0000] {processor.py:183} INFO - Processing /opt/airflow/dags/nightly_retrain.py took 0.307 seconds
[2025-09-16T14:00:01.054+0000] {processor.py:161} INFO - Started process (PID=36) to work on /opt/airflow/dags/nightly_retrain.py
[2025-09-16T14:00:01.055+0000] {processor.py:830} INFO - Processing file /opt/airflow/dags/nightly_retrain.py for tasks to queue
[2025-09-16T14:00:01.059+0000] {logging_mixin.py:188} INFO - [2025-09-16T14:00:01.058+0000] {dagbag.py:545} INFO - Filling up the DagBag from /opt/airflow/dags/nightly_retrain.py
[2025-09-16T14:00:01.092+0000] {processor.py:840} INFO - DAG(s) 'nightly_retrain_als' retrieved from /opt/airflow/dags/nightly_retrain.py
[2025-09-16T14:00:01.121+0000] {logging_mixin.py:188} INFO - [2025-09-16T14:00:01.121+0000] {dag.py:3089} INFO - Sync 1 DAGs
[2025-09-16T14:00:01.144+0000] {logging_mixin.py:188} INFO - [2025-09-16T14:00:01.144+0000] {dag.py:3947} INFO - Setting next_dagrun for nightly_retrain_als to 2025-09-15 00:15:00+00:00, run_after=2025-09-16 00:15:00+00:00
[2025-09-16T14:00:01.159+0000] {processor.py:183} INFO - Processing /opt/airflow/dags/nightly_retrain.py took 0.116 seconds
[2025-09-16T14:00:31.567+0000] {processor.py:161} INFO - Started process (PID=37) to work on /opt/airflow/dags/nightly_retrain.py
[2025-09-16T14:00:31.571+0000] {processor.py:830} INFO - Processing file /opt/airflow/dags/nightly_retrain.py for tasks to queue
[2025-09-16T14:00:31.576+0000] {logging_mixin.py:188} INFO - [2025-09-16T14:00:31.575+0000] {dagbag.py:545} INFO - Filling up the DagBag from /opt/airflow/dags/nightly_retrain.py
[2025-09-16T14:00:31.595+0000] {processor.py:840} INFO - DAG(s) 'nightly_retrain_als' retrieved from /opt/airflow/dags/nightly_retrain.py
[2025-09-16T14:00:31.622+0000] {logging_mixin.py:188} INFO - [2025-09-16T14:00:31.622+0000] {dag.py:3089} INFO - Sync 1 DAGs
[2025-09-16T14:00:31.643+0000] {logging_mixin.py:188} INFO - [2025-09-16T14:00:31.643+0000] {dag.py:3947} INFO - Setting next_dagrun for nightly_retrain_als to 2025-09-15 00:15:00+00:00, run_after=2025-09-16 00:15:00+00:00
[2025-09-16T14:00:31.667+0000] {processor.py:183} INFO - Processing /opt/airflow/dags/nightly_retrain.py took 0.126 seconds
[2025-09-16T14:01:01.794+0000] {processor.py:161} INFO - Started process (PID=38) to work on /opt/airflow/dags/nightly_retrain.py
[2025-09-16T14:01:01.796+0000] {processor.py:830} INFO - Processing file /opt/airflow/dags/nightly_retrain.py for tasks to queue
[2025-09-16T14:01:01.803+0000] {logging_mixin.py:188} INFO - [2025-09-16T14:01:01.802+0000] {dagbag.py:545} INFO - Filling up the DagBag from /opt/airflow/dags/nightly_retrain.py
[2025-09-16T14:01:01.827+0000] {processor.py:840} INFO - DAG(s) 'nightly_retrain_als' retrieved from /opt/airflow/dags/nightly_retrain.py
[2025-09-16T14:01:01.858+0000] {logging_mixin.py:188} INFO - [2025-09-16T14:01:01.858+0000] {dag.py:3089} INFO - Sync 1 DAGs
[2025-09-16T14:01:01.875+0000] {logging_mixin.py:188} INFO - [2025-09-16T14:01:01.874+0000] {dag.py:3947} INFO - Setting next_dagrun for nightly_retrain_als to 2025-09-15 00:15:00+00:00, run_after=2025-09-16 00:15:00+00:00
[2025-09-16T14:01:01.892+0000] {processor.py:183} INFO - Processing /opt/airflow/dags/nightly_retrain.py took 0.107 seconds
[2025-09-16T14:01:32.294+0000] {processor.py:161} INFO - Started process (PID=39) to work on /opt/airflow/dags/nightly_retrain.py
[2025-09-16T14:01:32.296+0000] {processor.py:830} INFO - Processing file /opt/airflow/dags/nightly_retrain.py for tasks to queue
[2025-09-16T14:01:32.300+0000] {logging_mixin.py:188} INFO - [2025-09-16T14:01:32.299+0000] {dagbag.py:545} INFO - Filling up the DagBag from /opt/airflow/dags/nightly_retrain.py
[2025-09-16T14:01:32.326+0000] {processor.py:840} INFO - DAG(s) 'nightly_retrain_als' retrieved from /opt/airflow/dags/nightly_retrain.py
[2025-09-16T14:01:32.353+0000] {logging_mixin.py:188} INFO - [2025-09-16T14:01:32.353+0000] {dag.py:3089} INFO - Sync 1 DAGs
[2025-09-16T14:01:32.375+0000] {logging_mixin.py:188} INFO - [2025-09-16T14:01:32.374+0000] {dag.py:3947} INFO - Setting next_dagrun for nightly_retrain_als to 2025-09-15 00:15:00+00:00, run_after=2025-09-16 00:15:00+00:00
[2025-09-16T14:01:32.401+0000] {processor.py:183} INFO - Processing /opt/airflow/dags/nightly_retrain.py took 0.124 seconds
[2025-09-16T14:02:02.804+0000] {processor.py:161} INFO - Started process (PID=40) to work on /opt/airflow/dags/nightly_retrain.py
[2025-09-16T14:02:02.805+0000] {processor.py:830} INFO - Processing file /opt/airflow/dags/nightly_retrain.py for tasks to queue
[2025-09-16T14:02:02.809+0000] {logging_mixin.py:188} INFO - [2025-09-16T14:02:02.808+0000] {dagbag.py:545} INFO - Filling up the DagBag from /opt/airflow/dags/nightly_retrain.py
[2025-09-16T14:02:02.829+0000] {processor.py:840} INFO - DAG(s) 'nightly_retrain_als' retrieved from /opt/airflow/dags/nightly_retrain.py
[2025-09-16T14:02:02.853+0000] {logging_mixin.py:188} INFO - [2025-09-16T14:02:02.853+0000] {dag.py:3089} INFO - Sync 1 DAGs
[2025-09-16T14:02:02.872+0000] {logging_mixin.py:188} INFO - [2025-09-16T14:02:02.872+0000] {dag.py:3947} INFO - Setting next_dagrun for nightly_retrain_als to 2025-09-15 00:15:00+00:00, run_after=2025-09-16 00:15:00+00:00
[2025-09-16T14:02:02.891+0000] {processor.py:183} INFO - Processing /opt/airflow/dags/nightly_retrain.py took 0.106 seconds
[2025-09-16T14:03:02.795+0000] {processor.py:161} INFO - Started process (PID=179) to work on /opt/airflow/dags/nightly_retrain.py
[2025-09-16T14:03:02.796+0000] {processor.py:830} INFO - Processing file /opt/airflow/dags/nightly_retrain.py for tasks to queue
[2025-09-16T14:03:02.798+0000] {logging_mixin.py:188} INFO - [2025-09-16T14:03:02.798+0000] {dagbag.py:545} INFO - Filling up the DagBag from /opt/airflow/dags/nightly_retrain.py
[2025-09-16T14:03:02.819+0000] {processor.py:840} INFO - DAG(s) 'nightly_retrain_als' retrieved from /opt/airflow/dags/nightly_retrain.py
[2025-09-16T14:03:02.844+0000] {logging_mixin.py:188} INFO - [2025-09-16T14:03:02.844+0000] {dag.py:3089} INFO - Sync 1 DAGs
[2025-09-16T14:03:02.859+0000] {logging_mixin.py:188} INFO - [2025-09-16T14:03:02.859+0000] {dag.py:3947} INFO - Setting next_dagrun for nightly_retrain_als to 2025-09-16 00:15:00+00:00, run_after=2025-09-17 00:15:00+00:00
[2025-09-16T14:03:02.874+0000] {processor.py:183} INFO - Processing /opt/airflow/dags/nightly_retrain.py took 0.086 seconds
[2025-09-16T14:03:33.834+0000] {processor.py:161} INFO - Started process (PID=244) to work on /opt/airflow/dags/nightly_retrain.py
[2025-09-16T14:03:33.836+0000] {processor.py:830} INFO - Processing file /opt/airflow/dags/nightly_retrain.py for tasks to queue
[2025-09-16T14:03:33.839+0000] {logging_mixin.py:188} INFO - [2025-09-16T14:03:33.838+0000] {dagbag.py:545} INFO - Filling up the DagBag from /opt/airflow/dags/nightly_retrain.py
[2025-09-16T14:03:33.872+0000] {processor.py:840} INFO - DAG(s) 'nightly_retrain_als' retrieved from /opt/airflow/dags/nightly_retrain.py
[2025-09-16T14:03:33.911+0000] {logging_mixin.py:188} INFO - [2025-09-16T14:03:33.911+0000] {dag.py:3089} INFO - Sync 1 DAGs
[2025-09-16T14:03:33.928+0000] {logging_mixin.py:188} INFO - [2025-09-16T14:03:33.928+0000] {dag.py:3947} INFO - Setting next_dagrun for nightly_retrain_als to 2025-09-16 00:15:00+00:00, run_after=2025-09-17 00:15:00+00:00
[2025-09-16T14:03:33.946+0000] {processor.py:183} INFO - Processing /opt/airflow/dags/nightly_retrain.py took 0.117 seconds
[2025-09-16T14:04:04.351+0000] {processor.py:161} INFO - Started process (PID=245) to work on /opt/airflow/dags/nightly_retrain.py
[2025-09-16T14:04:04.354+0000] {processor.py:830} INFO - Processing file /opt/airflow/dags/nightly_retrain.py for tasks to queue
[2025-09-16T14:04:04.363+0000] {logging_mixin.py:188} INFO - [2025-09-16T14:04:04.362+0000] {dagbag.py:545} INFO - Filling up the DagBag from /opt/airflow/dags/nightly_retrain.py
[2025-09-16T14:04:04.388+0000] {processor.py:840} INFO - DAG(s) 'nightly_retrain_als' retrieved from /opt/airflow/dags/nightly_retrain.py
[2025-09-16T14:04:04.423+0000] {logging_mixin.py:188} INFO - [2025-09-16T14:04:04.422+0000] {dag.py:3089} INFO - Sync 1 DAGs
[2025-09-16T14:04:04.452+0000] {logging_mixin.py:188} INFO - [2025-09-16T14:04:04.452+0000] {dag.py:3947} INFO - Setting next_dagrun for nightly_retrain_als to 2025-09-16 00:15:00+00:00, run_after=2025-09-17 00:15:00+00:00
[2025-09-16T14:04:04.467+0000] {processor.py:183} INFO - Processing /opt/airflow/dags/nightly_retrain.py took 0.126 seconds
[2025-09-16T14:04:34.832+0000] {processor.py:161} INFO - Started process (PID=246) to work on /opt/airflow/dags/nightly_retrain.py
[2025-09-16T14:04:34.834+0000] {processor.py:830} INFO - Processing file /opt/airflow/dags/nightly_retrain.py for tasks to queue
[2025-09-16T14:04:34.838+0000] {logging_mixin.py:188} INFO - [2025-09-16T14:04:34.837+0000] {dagbag.py:545} INFO - Filling up the DagBag from /opt/airflow/dags/nightly_retrain.py
[2025-09-16T14:04:34.861+0000] {processor.py:840} INFO - DAG(s) 'nightly_retrain_als' retrieved from /opt/airflow/dags/nightly_retrain.py
[2025-09-16T14:04:34.889+0000] {logging_mixin.py:188} INFO - [2025-09-16T14:04:34.889+0000] {dag.py:3089} INFO - Sync 1 DAGs
[2025-09-16T14:04:34.906+0000] {logging_mixin.py:188} INFO - [2025-09-16T14:04:34.906+0000] {dag.py:3947} INFO - Setting next_dagrun for nightly_retrain_als to 2025-09-16 00:15:00+00:00, run_after=2025-09-17 00:15:00+00:00
[2025-09-16T14:04:34.923+0000] {processor.py:183} INFO - Processing /opt/airflow/dags/nightly_retrain.py took 0.098 seconds
[2025-09-16T14:05:05.226+0000] {processor.py:161} INFO - Started process (PID=256) to work on /opt/airflow/dags/nightly_retrain.py
[2025-09-16T14:05:05.228+0000] {processor.py:830} INFO - Processing file /opt/airflow/dags/nightly_retrain.py for tasks to queue
[2025-09-16T14:05:05.232+0000] {logging_mixin.py:188} INFO - [2025-09-16T14:05:05.231+0000] {dagbag.py:545} INFO - Filling up the DagBag from /opt/airflow/dags/nightly_retrain.py
[2025-09-16T14:05:05.253+0000] {processor.py:840} INFO - DAG(s) 'nightly_retrain_als' retrieved from /opt/airflow/dags/nightly_retrain.py
[2025-09-16T14:05:05.286+0000] {logging_mixin.py:188} INFO - [2025-09-16T14:05:05.286+0000] {dag.py:3089} INFO - Sync 1 DAGs
[2025-09-16T14:05:05.303+0000] {logging_mixin.py:188} INFO - [2025-09-16T14:05:05.303+0000] {dag.py:3947} INFO - Setting next_dagrun for nightly_retrain_als to 2025-09-16 00:15:00+00:00, run_after=2025-09-17 00:15:00+00:00
[2025-09-16T14:05:05.320+0000] {processor.py:183} INFO - Processing /opt/airflow/dags/nightly_retrain.py took 0.100 seconds
[2025-09-16T14:05:35.711+0000] {processor.py:161} INFO - Started process (PID=292) to work on /opt/airflow/dags/nightly_retrain.py
[2025-09-16T14:05:35.713+0000] {processor.py:830} INFO - Processing file /opt/airflow/dags/nightly_retrain.py for tasks to queue
[2025-09-16T14:05:35.716+0000] {logging_mixin.py:188} INFO - [2025-09-16T14:05:35.715+0000] {dagbag.py:545} INFO - Filling up the DagBag from /opt/airflow/dags/nightly_retrain.py
[2025-09-16T14:05:35.737+0000] {processor.py:840} INFO - DAG(s) 'nightly_retrain_als' retrieved from /opt/airflow/dags/nightly_retrain.py
[2025-09-16T14:05:35.783+0000] {logging_mixin.py:188} INFO - [2025-09-16T14:05:35.783+0000] {dag.py:3089} INFO - Sync 1 DAGs
[2025-09-16T14:05:35.810+0000] {logging_mixin.py:188} INFO - [2025-09-16T14:05:35.810+0000] {dag.py:3947} INFO - Setting next_dagrun for nightly_retrain_als to 2025-09-16 00:15:00+00:00, run_after=2025-09-17 00:15:00+00:00
[2025-09-16T14:05:35.835+0000] {processor.py:183} INFO - Processing /opt/airflow/dags/nightly_retrain.py took 0.134 seconds
[2025-09-16T14:05:53.921+0000] {processor.py:161} INFO - Started process (PID=27) to work on /opt/airflow/dags/nightly_retrain.py
[2025-09-16T14:05:53.923+0000] {processor.py:830} INFO - Processing file /opt/airflow/dags/nightly_retrain.py for tasks to queue
[2025-09-16T14:05:53.926+0000] {logging_mixin.py:188} INFO - [2025-09-16T14:05:53.925+0000] {dagbag.py:545} INFO - Filling up the DagBag from /opt/airflow/dags/nightly_retrain.py
[2025-09-16T14:05:53.948+0000] {processor.py:840} INFO - DAG(s) 'nightly_retrain_als' retrieved from /opt/airflow/dags/nightly_retrain.py
[2025-09-16T14:05:53.995+0000] {logging_mixin.py:188} INFO - [2025-09-16T14:05:53.995+0000] {dag.py:3089} INFO - Sync 1 DAGs
[2025-09-16T14:05:54.027+0000] {logging_mixin.py:188} INFO - [2025-09-16T14:05:54.027+0000] {dag.py:3947} INFO - Setting next_dagrun for nightly_retrain_als to 2025-09-16 00:15:00+00:00, run_after=2025-09-17 00:15:00+00:00
[2025-09-16T14:05:54.079+0000] {processor.py:183} INFO - Processing /opt/airflow/dags/nightly_retrain.py took 0.167 seconds
[2025-09-16T14:06:24.934+0000] {processor.py:161} INFO - Started process (PID=28) to work on /opt/airflow/dags/nightly_retrain.py
[2025-09-16T14:06:24.936+0000] {processor.py:830} INFO - Processing file /opt/airflow/dags/nightly_retrain.py for tasks to queue
[2025-09-16T14:06:24.940+0000] {logging_mixin.py:188} INFO - [2025-09-16T14:06:24.939+0000] {dagbag.py:545} INFO - Filling up the DagBag from /opt/airflow/dags/nightly_retrain.py
[2025-09-16T14:06:24.970+0000] {processor.py:840} INFO - DAG(s) 'nightly_retrain_als' retrieved from /opt/airflow/dags/nightly_retrain.py
[2025-09-16T14:06:25.002+0000] {logging_mixin.py:188} INFO - [2025-09-16T14:06:25.002+0000] {dag.py:3089} INFO - Sync 1 DAGs
[2025-09-16T14:06:25.028+0000] {logging_mixin.py:188} INFO - [2025-09-16T14:06:25.028+0000] {dag.py:3947} INFO - Setting next_dagrun for nightly_retrain_als to 2025-09-16 00:15:00+00:00, run_after=2025-09-17 00:15:00+00:00
[2025-09-16T14:06:25.048+0000] {processor.py:183} INFO - Processing /opt/airflow/dags/nightly_retrain.py took 0.127 seconds
[2025-09-16T14:06:55.191+0000] {processor.py:161} INFO - Started process (PID=29) to work on /opt/airflow/dags/nightly_retrain.py
[2025-09-16T14:06:55.194+0000] {processor.py:830} INFO - Processing file /opt/airflow/dags/nightly_retrain.py for tasks to queue
[2025-09-16T14:06:55.198+0000] {logging_mixin.py:188} INFO - [2025-09-16T14:06:55.197+0000] {dagbag.py:545} INFO - Filling up the DagBag from /opt/airflow/dags/nightly_retrain.py
[2025-09-16T14:06:55.219+0000] {processor.py:840} INFO - DAG(s) 'nightly_retrain_als' retrieved from /opt/airflow/dags/nightly_retrain.py
[2025-09-16T14:06:55.246+0000] {logging_mixin.py:188} INFO - [2025-09-16T14:06:55.246+0000] {dag.py:3089} INFO - Sync 1 DAGs
[2025-09-16T14:06:55.262+0000] {logging_mixin.py:188} INFO - [2025-09-16T14:06:55.262+0000] {dag.py:3947} INFO - Setting next_dagrun for nightly_retrain_als to 2025-09-16 00:15:00+00:00, run_after=2025-09-17 00:15:00+00:00
[2025-09-16T14:06:55.277+0000] {processor.py:183} INFO - Processing /opt/airflow/dags/nightly_retrain.py took 0.097 seconds
[2025-09-16T14:07:25.487+0000] {processor.py:161} INFO - Started process (PID=30) to work on /opt/airflow/dags/nightly_retrain.py
[2025-09-16T14:07:25.499+0000] {processor.py:830} INFO - Processing file /opt/airflow/dags/nightly_retrain.py for tasks to queue
[2025-09-16T14:07:25.504+0000] {logging_mixin.py:188} INFO - [2025-09-16T14:07:25.503+0000] {dagbag.py:545} INFO - Filling up the DagBag from /opt/airflow/dags/nightly_retrain.py
[2025-09-16T14:07:25.536+0000] {processor.py:840} INFO - DAG(s) 'nightly_retrain_als' retrieved from /opt/airflow/dags/nightly_retrain.py
[2025-09-16T14:07:25.584+0000] {logging_mixin.py:188} INFO - [2025-09-16T14:07:25.584+0000] {dag.py:3089} INFO - Sync 1 DAGs
[2025-09-16T14:07:25.610+0000] {logging_mixin.py:188} INFO - [2025-09-16T14:07:25.610+0000] {dag.py:3947} INFO - Setting next_dagrun for nightly_retrain_als to 2025-09-16 00:15:00+00:00, run_after=2025-09-17 00:15:00+00:00
[2025-09-16T14:07:25.630+0000] {processor.py:183} INFO - Processing /opt/airflow/dags/nightly_retrain.py took 0.159 seconds
[2025-09-16T14:07:55.870+0000] {processor.py:161} INFO - Started process (PID=31) to work on /opt/airflow/dags/nightly_retrain.py
[2025-09-16T14:07:55.874+0000] {processor.py:830} INFO - Processing file /opt/airflow/dags/nightly_retrain.py for tasks to queue
[2025-09-16T14:07:55.879+0000] {logging_mixin.py:188} INFO - [2025-09-16T14:07:55.878+0000] {dagbag.py:545} INFO - Filling up the DagBag from /opt/airflow/dags/nightly_retrain.py
[2025-09-16T14:07:55.903+0000] {processor.py:840} INFO - DAG(s) 'nightly_retrain_als' retrieved from /opt/airflow/dags/nightly_retrain.py
[2025-09-16T14:07:55.935+0000] {logging_mixin.py:188} INFO - [2025-09-16T14:07:55.935+0000] {dag.py:3089} INFO - Sync 1 DAGs
[2025-09-16T14:07:55.961+0000] {logging_mixin.py:188} INFO - [2025-09-16T14:07:55.961+0000] {dag.py:3947} INFO - Setting next_dagrun for nightly_retrain_als to 2025-09-16 00:15:00+00:00, run_after=2025-09-17 00:15:00+00:00
[2025-09-16T14:07:55.977+0000] {processor.py:183} INFO - Processing /opt/airflow/dags/nightly_retrain.py took 0.127 seconds
[2025-09-16T14:08:26.126+0000] {processor.py:161} INFO - Started process (PID=32) to work on /opt/airflow/dags/nightly_retrain.py
[2025-09-16T14:08:26.128+0000] {processor.py:830} INFO - Processing file /opt/airflow/dags/nightly_retrain.py for tasks to queue
[2025-09-16T14:08:26.132+0000] {logging_mixin.py:188} INFO - [2025-09-16T14:08:26.131+0000] {dagbag.py:545} INFO - Filling up the DagBag from /opt/airflow/dags/nightly_retrain.py
[2025-09-16T14:08:26.161+0000] {processor.py:840} INFO - DAG(s) 'nightly_retrain_als' retrieved from /opt/airflow/dags/nightly_retrain.py
[2025-09-16T14:08:26.198+0000] {logging_mixin.py:188} INFO - [2025-09-16T14:08:26.198+0000] {dag.py:3089} INFO - Sync 1 DAGs
[2025-09-16T14:08:26.220+0000] {logging_mixin.py:188} INFO - [2025-09-16T14:08:26.220+0000] {dag.py:3947} INFO - Setting next_dagrun for nightly_retrain_als to 2025-09-16 00:15:00+00:00, run_after=2025-09-17 00:15:00+00:00
[2025-09-16T14:08:26.245+0000] {processor.py:183} INFO - Processing /opt/airflow/dags/nightly_retrain.py took 0.133 seconds
[2025-09-16T14:08:57.380+0000] {processor.py:161} INFO - Started process (PID=33) to work on /opt/airflow/dags/nightly_retrain.py
[2025-09-16T14:08:57.382+0000] {processor.py:830} INFO - Processing file /opt/airflow/dags/nightly_retrain.py for tasks to queue
[2025-09-16T14:08:57.387+0000] {logging_mixin.py:188} INFO - [2025-09-16T14:08:57.386+0000] {dagbag.py:545} INFO - Filling up the DagBag from /opt/airflow/dags/nightly_retrain.py
[2025-09-16T14:08:57.412+0000] {processor.py:840} INFO - DAG(s) 'nightly_retrain_als' retrieved from /opt/airflow/dags/nightly_retrain.py
[2025-09-16T14:08:57.449+0000] {logging_mixin.py:188} INFO - [2025-09-16T14:08:57.449+0000] {dag.py:3089} INFO - Sync 1 DAGs
[2025-09-16T14:08:57.477+0000] {logging_mixin.py:188} INFO - [2025-09-16T14:08:57.477+0000] {dag.py:3947} INFO - Setting next_dagrun for nightly_retrain_als to 2025-09-16 00:15:00+00:00, run_after=2025-09-17 00:15:00+00:00
[2025-09-16T14:08:57.493+0000] {processor.py:183} INFO - Processing /opt/airflow/dags/nightly_retrain.py took 0.124 seconds
[2025-09-16T14:09:27.626+0000] {processor.py:161} INFO - Started process (PID=34) to work on /opt/airflow/dags/nightly_retrain.py
[2025-09-16T14:09:27.628+0000] {processor.py:830} INFO - Processing file /opt/airflow/dags/nightly_retrain.py for tasks to queue
[2025-09-16T14:09:27.631+0000] {logging_mixin.py:188} INFO - [2025-09-16T14:09:27.630+0000] {dagbag.py:545} INFO - Filling up the DagBag from /opt/airflow/dags/nightly_retrain.py
[2025-09-16T14:09:27.648+0000] {processor.py:840} INFO - DAG(s) 'nightly_retrain_als' retrieved from /opt/airflow/dags/nightly_retrain.py
[2025-09-16T14:09:27.671+0000] {logging_mixin.py:188} INFO - [2025-09-16T14:09:27.671+0000] {dag.py:3089} INFO - Sync 1 DAGs
[2025-09-16T14:09:27.696+0000] {logging_mixin.py:188} INFO - [2025-09-16T14:09:27.696+0000] {dag.py:3947} INFO - Setting next_dagrun for nightly_retrain_als to 2025-09-16 00:15:00+00:00, run_after=2025-09-17 00:15:00+00:00
[2025-09-16T14:09:27.717+0000] {processor.py:183} INFO - Processing /opt/airflow/dags/nightly_retrain.py took 0.098 seconds
[2025-09-16T14:09:57.990+0000] {processor.py:161} INFO - Started process (PID=35) to work on /opt/airflow/dags/nightly_retrain.py
[2025-09-16T14:09:58.003+0000] {processor.py:830} INFO - Processing file /opt/airflow/dags/nightly_retrain.py for tasks to queue
[2025-09-16T14:09:58.034+0000] {logging_mixin.py:188} INFO - [2025-09-16T14:09:58.031+0000] {dagbag.py:545} INFO - Filling up the DagBag from /opt/airflow/dags/nightly_retrain.py
[2025-09-16T14:09:58.110+0000] {processor.py:840} INFO - DAG(s) 'nightly_retrain_als' retrieved from /opt/airflow/dags/nightly_retrain.py
[2025-09-16T14:09:58.174+0000] {logging_mixin.py:188} INFO - [2025-09-16T14:09:58.174+0000] {dag.py:3089} INFO - Sync 1 DAGs
[2025-09-16T14:09:58.210+0000] {logging_mixin.py:188} INFO - [2025-09-16T14:09:58.209+0000] {dag.py:3947} INFO - Setting next_dagrun for nightly_retrain_als to 2025-09-16 00:15:00+00:00, run_after=2025-09-17 00:15:00+00:00
[2025-09-16T14:09:58.242+0000] {processor.py:183} INFO - Processing /opt/airflow/dags/nightly_retrain.py took 0.305 seconds
[2025-09-16T14:10:29.298+0000] {processor.py:161} INFO - Started process (PID=36) to work on /opt/airflow/dags/nightly_retrain.py
[2025-09-16T14:10:29.300+0000] {processor.py:830} INFO - Processing file /opt/airflow/dags/nightly_retrain.py for tasks to queue
[2025-09-16T14:10:29.306+0000] {logging_mixin.py:188} INFO - [2025-09-16T14:10:29.304+0000] {dagbag.py:545} INFO - Filling up the DagBag from /opt/airflow/dags/nightly_retrain.py
[2025-09-16T14:10:29.338+0000] {processor.py:840} INFO - DAG(s) 'nightly_retrain_als' retrieved from /opt/airflow/dags/nightly_retrain.py
[2025-09-16T14:10:29.378+0000] {logging_mixin.py:188} INFO - [2025-09-16T14:10:29.377+0000] {dag.py:3089} INFO - Sync 1 DAGs
[2025-09-16T14:10:29.401+0000] {logging_mixin.py:188} INFO - [2025-09-16T14:10:29.401+0000] {dag.py:3947} INFO - Setting next_dagrun for nightly_retrain_als to 2025-09-16 00:15:00+00:00, run_after=2025-09-17 00:15:00+00:00
[2025-09-16T14:10:29.421+0000] {processor.py:183} INFO - Processing /opt/airflow/dags/nightly_retrain.py took 0.134 seconds
[2025-09-16T14:10:59.670+0000] {processor.py:161} INFO - Started process (PID=37) to work on /opt/airflow/dags/nightly_retrain.py
[2025-09-16T14:10:59.672+0000] {processor.py:830} INFO - Processing file /opt/airflow/dags/nightly_retrain.py for tasks to queue
[2025-09-16T14:10:59.677+0000] {logging_mixin.py:188} INFO - [2025-09-16T14:10:59.677+0000] {dagbag.py:545} INFO - Filling up the DagBag from /opt/airflow/dags/nightly_retrain.py
[2025-09-16T14:10:59.711+0000] {processor.py:840} INFO - DAG(s) 'nightly_retrain_als' retrieved from /opt/airflow/dags/nightly_retrain.py
[2025-09-16T14:10:59.767+0000] {logging_mixin.py:188} INFO - [2025-09-16T14:10:59.767+0000] {dag.py:3089} INFO - Sync 1 DAGs
[2025-09-16T14:10:59.788+0000] {logging_mixin.py:188} INFO - [2025-09-16T14:10:59.788+0000] {dag.py:3947} INFO - Setting next_dagrun for nightly_retrain_als to 2025-09-16 00:15:00+00:00, run_after=2025-09-17 00:15:00+00:00
[2025-09-16T14:10:59.806+0000] {processor.py:183} INFO - Processing /opt/airflow/dags/nightly_retrain.py took 0.143 seconds
[2025-09-16T14:11:29.977+0000] {processor.py:161} INFO - Started process (PID=38) to work on /opt/airflow/dags/nightly_retrain.py
[2025-09-16T14:11:29.979+0000] {processor.py:830} INFO - Processing file /opt/airflow/dags/nightly_retrain.py for tasks to queue
[2025-09-16T14:11:29.984+0000] {logging_mixin.py:188} INFO - [2025-09-16T14:11:29.982+0000] {dagbag.py:545} INFO - Filling up the DagBag from /opt/airflow/dags/nightly_retrain.py
[2025-09-16T14:11:30.009+0000] {processor.py:840} INFO - DAG(s) 'nightly_retrain_als' retrieved from /opt/airflow/dags/nightly_retrain.py
[2025-09-16T14:11:30.047+0000] {logging_mixin.py:188} INFO - [2025-09-16T14:11:30.046+0000] {dag.py:3089} INFO - Sync 1 DAGs
[2025-09-16T14:11:30.068+0000] {logging_mixin.py:188} INFO - [2025-09-16T14:11:30.068+0000] {dag.py:3947} INFO - Setting next_dagrun for nightly_retrain_als to 2025-09-16 00:15:00+00:00, run_after=2025-09-17 00:15:00+00:00
[2025-09-16T14:11:30.085+0000] {processor.py:183} INFO - Processing /opt/airflow/dags/nightly_retrain.py took 0.119 seconds
[2025-09-16T14:12:00.252+0000] {processor.py:161} INFO - Started process (PID=39) to work on /opt/airflow/dags/nightly_retrain.py
[2025-09-16T14:12:00.254+0000] {processor.py:830} INFO - Processing file /opt/airflow/dags/nightly_retrain.py for tasks to queue
[2025-09-16T14:12:00.259+0000] {logging_mixin.py:188} INFO - [2025-09-16T14:12:00.257+0000] {dagbag.py:545} INFO - Filling up the DagBag from /opt/airflow/dags/nightly_retrain.py
[2025-09-16T14:12:00.288+0000] {processor.py:840} INFO - DAG(s) 'nightly_retrain_als' retrieved from /opt/airflow/dags/nightly_retrain.py
[2025-09-16T14:12:00.324+0000] {logging_mixin.py:188} INFO - [2025-09-16T14:12:00.323+0000] {dag.py:3089} INFO - Sync 1 DAGs
[2025-09-16T14:12:00.345+0000] {logging_mixin.py:188} INFO - [2025-09-16T14:12:00.345+0000] {dag.py:3947} INFO - Setting next_dagrun for nightly_retrain_als to 2025-09-16 00:15:00+00:00, run_after=2025-09-17 00:15:00+00:00
[2025-09-16T14:12:00.363+0000] {processor.py:183} INFO - Processing /opt/airflow/dags/nightly_retrain.py took 0.121 seconds
[2025-09-16T14:12:30.519+0000] {processor.py:161} INFO - Started process (PID=52) to work on /opt/airflow/dags/nightly_retrain.py
[2025-09-16T14:12:30.521+0000] {processor.py:830} INFO - Processing file /opt/airflow/dags/nightly_retrain.py for tasks to queue
[2025-09-16T14:12:30.524+0000] {logging_mixin.py:188} INFO - [2025-09-16T14:12:30.523+0000] {dagbag.py:545} INFO - Filling up the DagBag from /opt/airflow/dags/nightly_retrain.py
[2025-09-16T14:12:30.544+0000] {processor.py:840} INFO - DAG(s) 'nightly_retrain_als' retrieved from /opt/airflow/dags/nightly_retrain.py
[2025-09-16T14:12:30.571+0000] {logging_mixin.py:188} INFO - [2025-09-16T14:12:30.571+0000] {dag.py:3089} INFO - Sync 1 DAGs
[2025-09-16T14:12:30.594+0000] {logging_mixin.py:188} INFO - [2025-09-16T14:12:30.594+0000] {dag.py:3947} INFO - Setting next_dagrun for nightly_retrain_als to 2025-09-16 00:15:00+00:00, run_after=2025-09-17 00:15:00+00:00
[2025-09-16T14:12:30.618+0000] {processor.py:183} INFO - Processing /opt/airflow/dags/nightly_retrain.py took 0.114 seconds
[2025-09-16T14:13:00.765+0000] {processor.py:161} INFO - Started process (PID=53) to work on /opt/airflow/dags/nightly_retrain.py
[2025-09-16T14:13:00.767+0000] {processor.py:830} INFO - Processing file /opt/airflow/dags/nightly_retrain.py for tasks to queue
[2025-09-16T14:13:00.771+0000] {logging_mixin.py:188} INFO - [2025-09-16T14:13:00.770+0000] {dagbag.py:545} INFO - Filling up the DagBag from /opt/airflow/dags/nightly_retrain.py
[2025-09-16T14:13:00.795+0000] {processor.py:840} INFO - DAG(s) 'nightly_retrain_als' retrieved from /opt/airflow/dags/nightly_retrain.py
[2025-09-16T14:13:00.832+0000] {logging_mixin.py:188} INFO - [2025-09-16T14:13:00.832+0000] {dag.py:3089} INFO - Sync 1 DAGs
[2025-09-16T14:13:00.854+0000] {logging_mixin.py:188} INFO - [2025-09-16T14:13:00.853+0000] {dag.py:3947} INFO - Setting next_dagrun for nightly_retrain_als to 2025-09-16 00:15:00+00:00, run_after=2025-09-17 00:15:00+00:00
[2025-09-16T14:13:00.872+0000] {processor.py:183} INFO - Processing /opt/airflow/dags/nightly_retrain.py took 0.114 seconds
